<?xml version="1.0" encoding="UTF-8"?>
<testsuite xmlns:xsi="http://www.w3.org/2001/XMLSchema-instance" xsi:noNamespaceSchemaLocation="https://maven.apache.org/surefire/maven-surefire-plugin/xsd/surefire-test-report-3.0.xsd" version="3.0" name="com.cbebank.calculated.CalculatedApplicationTests" time="1.188" tests="1" errors="0" skipped="0" failures="0">
  <properties>
[...]
</properties>
  <testcase name="contextLoads" classname="com.cbebank.calculated.CalculatedApplicationTests" time="0.435">
    <system-out><![CDATA[10:10:43.510 [main] INFO org.springframework.test.context.support.AnnotationConfigContextLoaderUtils -- Could not detect default configuration classes for test class [com.cbebank.calculated.CalculatedApplicationTests]: CalculatedApplicationTests does not declare any static, non-private, non-final, nested classes annotated with @Configuration.
10:10:43.559 [main] INFO org.springframework.boot.test.context.SpringBootTestContextBootstrapper -- Found @SpringBootConfiguration com.cbebank.calculated.CalculatedApplication for test class com.cbebank.calculated.CalculatedApplicationTests

  .   ____          _            __ _ _
 /\\ / ___'_ __ _ _(_)_ __  __ _ \ \ \ \
( ( )\___ | '_ | '_| | '_ \/ _` | \ \ \ \
 \\/  ___)| |_)| | | | | || (_| |  ) ) ) )
  '  |____| .__|_| |_|_| |_\__, | / / / /
 =========|_|==============|___/=/_/_/_/

 :: Spring Boot ::                (v3.3.4)

2024-10-04T10:10:43.711-05:00  INFO 9944 --- [           main] c.c.c.CalculatedApplicationTests         : Starting CalculatedApplicationTests using Java 17.0.9 with PID 9944 (started by adwaituprety in /Users/adwaituprety/Documents/bank/calculated)
2024-10-04T10:10:43.711-05:00  INFO 9944 --- [           main] c.c.c.CalculatedApplicationTests         : No active profile set, falling back to 1 default profile: "default"
2024-10-04T10:10:44.183-05:00  INFO 9944 --- [           main] c.c.c.CalculatedApplicationTests         : Started CalculatedApplicationTests in 0.573 seconds (process running for 0.944)
]]></system-out>
  </testcase>
</testsuite>